<?xml version="1.0" encoding="UTF-8"?>
<testsuite name="Test"
           tests="5"
           failures="0"
           errors="0"
           skipped="1"
           time="3.202">
  <properties />
  
            <testcase name="addCustomerTest" time="0.0" classname="com.w2a.DataDrivenFramework.testCases.AddCustomerTest">
          <skipped />
    </testcase>
  
            <testcase name="addCustomerTest" time="0.738" classname="com.w2a.DataDrivenFramework.testCases.AddCustomerTest" />
                <testcase name="addCustomerTest" time="0.711" classname="com.w2a.DataDrivenFramework.testCases.AddCustomerTest" />
                <testcase name="addCustomerTest" time="0.932" classname="com.w2a.DataDrivenFramework.testCases.AddCustomerTest" />
                <testcase name="addCustomerTest" time="0.819" classname="com.w2a.DataDrivenFramework.testCases.AddCustomerTest" />
      
</testsuite>
