<?xml version="1.0" encoding="UTF-8"?>
<testsuite name="Test"
           tests="5"
           failures="0"
           errors="0"
           skipped="1"
           time="1.727">
  <properties />
  
            <testcase name="addCustomerTest" time="0.0" classname="com.w2a.DataDrivenFramework.testCases.AddCustomerTest">
          <skipped />
    </testcase>
  
            <testcase name="addCustomerTest" time="0.885" classname="com.w2a.DataDrivenFramework.testCases.AddCustomerTest" />
                <testcase name="addCustomerTest" time="0.270" classname="com.w2a.DataDrivenFramework.testCases.AddCustomerTest" />
                <testcase name="addCustomerTest" time="0.294" classname="com.w2a.DataDrivenFramework.testCases.AddCustomerTest" />
                <testcase name="addCustomerTest" time="0.276" classname="com.w2a.DataDrivenFramework.testCases.AddCustomerTest" />
      
</testsuite>
