<?xml version="1.0" encoding="UTF-8"?>
<!-- Generated by org.testng.reporters.JUnitXMLReporter -->
<testsuite hostname="LAPTOP-ORI8JR52" ignored="4" name="Test" tests="7" failures="0" timestamp="2020-04-19T15:47:53 IST" time="9.26" errors="0">
  <testcase name="bankManagerLoginTest" time="0.651" classname="com.w2a.DataDrivenFramework.testCases.BankManagerLoginTest"/>
  <testcase name="addCustomerTest" time="0.932" classname="com.w2a.DataDrivenFramework.testCases.AddCustomerTest"/>
  <testcase name="addCustomerTest" time="0.002" classname="com.w2a.DataDrivenFramework.testCases.AddCustomerTest">
    <skipped/>
  </testcase> <!-- addCustomerTest -->
  <testcase name="addCustomerTest" time="0.819" classname="com.w2a.DataDrivenFramework.testCases.AddCustomerTest"/>
  <testcase name="addCustomerTest" time="0.738" classname="com.w2a.DataDrivenFramework.testCases.AddCustomerTest"/>
  <testcase name="addCustomerTest" time="0.711" classname="com.w2a.DataDrivenFramework.testCases.AddCustomerTest"/>
  <testcase name="openAccountTest" time="4.196" classname="com.w2a.DataDrivenFramework.testCases.OpenAccountTest"/>
  <testcase name="@BeforeSuite setUp" time="0.0" classname="com.w2a.DataDrivenFramework.base.TestBase">
    <ignored/>
  </testcase> <!-- @BeforeSuite setUp -->
  <testcase name="@BeforeSuite setUp" time="0.0" classname="com.w2a.DataDrivenFramework.base.TestBase">
    <ignored/>
  </testcase> <!-- @BeforeSuite setUp -->
  <testcase name="@AfterSuite testDown" time="0.0" classname="com.w2a.DataDrivenFramework.base.TestBase">
    <ignored/>
  </testcase> <!-- @AfterSuite testDown -->
  <testcase name="@AfterSuite testDown" time="0.0" classname="com.w2a.DataDrivenFramework.base.TestBase">
    <ignored/>
  </testcase> <!-- @AfterSuite testDown -->
</testsuite> <!-- Test -->
