<?xml version="1.0" encoding="UTF-8"?>
<testng-results skipped="1" failed="0" ignored="4" total="11" passed="6">
  <reporter-output>
  </reporter-output>
  <suite name="Data Driven" duration-ms="9260" started-at="2020-04-19T15:47:44 IST" finished-at="2020-04-19T15:47:53 IST">
    <groups>
    </groups>
    <test name="Test" duration-ms="9260" started-at="2020-04-19T15:47:44 IST" finished-at="2020-04-19T15:47:53 IST">
      <class name="com.w2a.DataDrivenFramework.testCases.BankManagerLoginTest">
        <test-method status="PASS" signature="setUp()[pri:0, instance:com.w2a.DataDrivenFramework.testCases.BankManagerLoginTest@66c61024]" name="setUp" is-config="true" duration-ms="12661" started-at="2020-04-19T15:47:31 IST" finished-at="2020-04-19T15:47:44 IST">
          <reporter-output>
          </reporter-output>
        </test-method> <!-- setUp -->
        <test-method status="PASS" signature="bankManagerLoginTest(java.lang.reflect.Method)[pri:0, instance:com.w2a.DataDrivenFramework.testCases.BankManagerLoginTest@66c61024]" name="bankManagerLoginTest" duration-ms="651" started-at="2020-04-19T15:47:44 IST" finished-at="2020-04-19T15:47:44 IST">
          <params>
            <param index="0">
              <value>
                <![CDATA[public void com.w2a.DataDrivenFramework.testCases.BankManagerLoginTest.bankManagerLoginTest(java.lang.reflect.Method)]]>
              </value>
            </param>
          </params>
          <reporter-output>
          </reporter-output>
        </test-method> <!-- bankManagerLoginTest -->
        <test-method status="PASS" signature="testDown()[pri:0, instance:com.w2a.DataDrivenFramework.testCases.BankManagerLoginTest@66c61024]" name="testDown" is-config="true" duration-ms="727" started-at="2020-04-19T15:47:53 IST" finished-at="2020-04-19T15:47:54 IST">
          <reporter-output>
          </reporter-output>
        </test-method> <!-- testDown -->
      </class> <!-- com.w2a.DataDrivenFramework.testCases.BankManagerLoginTest -->
      <class name="com.w2a.DataDrivenFramework.testCases.OpenAccountTest">
        <test-method status="PASS" signature="openAccountTest(java.util.Hashtable)[pri:0, instance:com.w2a.DataDrivenFramework.testCases.OpenAccountTest@c9d0d6]" name="openAccountTest" duration-ms="4196" started-at="2020-04-19T15:47:48 IST" data-provider="dp" finished-at="2020-04-19T15:47:53 IST">
          <params>
            <param index="0">
              <value>
                <![CDATA[{currency=Rupee, customer=Lavendra Rajput, alertText=Account created successfully}]]>
              </value>
            </param>
          </params>
          <reporter-output>
          </reporter-output>
        </test-method> <!-- openAccountTest -->
      </class> <!-- com.w2a.DataDrivenFramework.testCases.OpenAccountTest -->
      <class name="com.w2a.DataDrivenFramework.testCases.AddCustomerTest">
        <test-method status="PASS" signature="addCustomerTest(java.util.Hashtable)[pri:0, instance:com.w2a.DataDrivenFramework.testCases.AddCustomerTest@61fe30]" name="addCustomerTest" duration-ms="932" started-at="2020-04-19T15:47:45 IST" data-provider="dp" finished-at="2020-04-19T15:47:46 IST">
          <params>
            <param index="0">
              <value>
                <![CDATA[{postcode=246761.0, lastname=Rajput, runmode=Y, firstname=Lavendra, alertText=Customer added successfully}]]>
              </value>
            </param>
          </params>
          <reporter-output>
          </reporter-output>
        </test-method> <!-- addCustomerTest -->
        <test-method status="SKIP" signature="addCustomerTest(java.util.Hashtable)[pri:0, instance:com.w2a.DataDrivenFramework.testCases.AddCustomerTest@61fe30]" name="addCustomerTest" duration-ms="2" started-at="2020-04-19T15:47:46 IST" data-provider="dp" finished-at="2020-04-19T15:47:46 IST">
          <params>
            <param index="0">
              <value>
                <![CDATA[{postcode=246761.0, lastname=Singh, runmode=N, firstname=Yuvraj, alertText=Customer added successfully}]]>
              </value>
            </param>
          </params>
          <exception class="org.testng.SkipException">
            <message>
              <![CDATA[Skipping the test case as run mode for set data is NO]]>
            </message>
            <full-stacktrace>
              <![CDATA[org.testng.SkipException: Skipping the test case as run mode for set data is NO
at com.w2a.DataDrivenFramework.testCases.AddCustomerTest.addCustomerTest(AddCustomerTest.java:24)
at sun.reflect.NativeMethodAccessorImpl.invoke0(Native Method)
at sun.reflect.NativeMethodAccessorImpl.invoke(NativeMethodAccessorImpl.java:62)
at sun.reflect.DelegatingMethodAccessorImpl.invoke(DelegatingMethodAccessorImpl.java:43)
at java.lang.reflect.Method.invoke(Method.java:498)
at org.testng.internal.MethodInvocationHelper.invokeMethod(MethodInvocationHelper.java:133)
at org.testng.internal.TestInvoker.invokeMethod(TestInvoker.java:584)
at org.testng.internal.TestInvoker.invokeTestMethod(TestInvoker.java:172)
at org.testng.internal.MethodRunner.runInSequence(MethodRunner.java:46)
at org.testng.internal.TestInvoker$MethodInvocationAgent.invoke(TestInvoker.java:804)
at org.testng.internal.TestInvoker.invokeTestMethods(TestInvoker.java:145)
at org.testng.internal.TestMethodWorker.invokeTestMethods(TestMethodWorker.java:146)
at org.testng.internal.TestMethodWorker.run(TestMethodWorker.java:128)
at java.util.ArrayList.forEach(ArrayList.java:1257)
at org.testng.TestRunner.privateRun(TestRunner.java:770)
at org.testng.TestRunner.run(TestRunner.java:591)
at org.testng.SuiteRunner.runTest(SuiteRunner.java:402)
at org.testng.SuiteRunner.runSequentially(SuiteRunner.java:396)
at org.testng.SuiteRunner.privateRun(SuiteRunner.java:355)
at org.testng.SuiteRunner.run(SuiteRunner.java:304)
at org.testng.SuiteRunnerWorker.runSuite(SuiteRunnerWorker.java:53)
at org.testng.SuiteRunnerWorker.run(SuiteRunnerWorker.java:96)
at org.testng.TestNG.runSuitesSequentially(TestNG.java:1180)
at org.testng.TestNG.runSuitesLocally(TestNG.java:1102)
at org.testng.TestNG.runSuites(TestNG.java:1032)
at org.testng.TestNG.run(TestNG.java:1000)
at org.testng.remote.AbstractRemoteTestNG.run(AbstractRemoteTestNG.java:115)
at org.testng.remote.RemoteTestNG.initAndRun(RemoteTestNG.java:251)
at org.testng.remote.RemoteTestNG.main(RemoteTestNG.java:77)
]]>
            </full-stacktrace>
          </exception> <!-- org.testng.SkipException -->
          <reporter-output>
          </reporter-output>
        </test-method> <!-- addCustomerTest -->
        <test-method status="PASS" signature="addCustomerTest(java.util.Hashtable)[pri:0, instance:com.w2a.DataDrivenFramework.testCases.AddCustomerTest@61fe30]" name="addCustomerTest" duration-ms="819" started-at="2020-04-19T15:47:46 IST" data-provider="dp" finished-at="2020-04-19T15:47:47 IST">
          <params>
            <param index="0">
              <value>
                <![CDATA[{postcode=246761.0, lastname=Singh, runmode=Y, firstname=Mohan, alertText=Customer added successfully}]]>
              </value>
            </param>
          </params>
          <reporter-output>
          </reporter-output>
        </test-method> <!-- addCustomerTest -->
        <test-method status="PASS" signature="addCustomerTest(java.util.Hashtable)[pri:0, instance:com.w2a.DataDrivenFramework.testCases.AddCustomerTest@61fe30]" name="addCustomerTest" duration-ms="738" started-at="2020-04-19T15:47:47 IST" data-provider="dp" finished-at="2020-04-19T15:47:48 IST">
          <params>
            <param index="0">
              <value>
                <![CDATA[{postcode=246761.0, lastname=Rani, runmode=Y, firstname=Rekha, alertText=Customer added successfully}]]>
              </value>
            </param>
          </params>
          <reporter-output>
          </reporter-output>
        </test-method> <!-- addCustomerTest -->
        <test-method status="PASS" signature="addCustomerTest(java.util.Hashtable)[pri:0, instance:com.w2a.DataDrivenFramework.testCases.AddCustomerTest@61fe30]" name="addCustomerTest" duration-ms="711" started-at="2020-04-19T15:47:48 IST" data-provider="dp" finished-at="2020-04-19T15:47:48 IST">
          <params>
            <param index="0">
              <value>
                <![CDATA[{postcode=246761.0, lastname=Shekhawat, runmode=Y, firstname=Vani, alertText=Customer added successfully}]]>
              </value>
            </param>
          </params>
          <reporter-output>
          </reporter-output>
        </test-method> <!-- addCustomerTest -->
      </class> <!-- com.w2a.DataDrivenFramework.testCases.AddCustomerTest -->
    </test> <!-- Test -->
  </suite> <!-- Data Driven -->
</testng-results>
